Determining if the pthread_create exist failed with the following output:
Change Dir: /home/ivan/Documentos/ITAM/Project3/ar-pp3-sc/build/CMakeFiles/CMakeTmp

Run Build Command:"/usr/bin/make" "cmTC_a916f/fast"
/usr/bin/make -f CMakeFiles/cmTC_a916f.dir/build.make CMakeFiles/cmTC_a916f.dir/build
make[1]: se entra en el directorio '/home/ivan/Documentos/ITAM/Project3/ar-pp3-sc/build/CMakeFiles/CMakeTmp'
Building C object CMakeFiles/cmTC_a916f.dir/CheckSymbolExists.c.o
/usr/bin/cc    -o CMakeFiles/cmTC_a916f.dir/CheckSymbolExists.c.o   -c /home/ivan/Documentos/ITAM/Project3/ar-pp3-sc/build/CMakeFiles/CMakeTmp/CheckSymbolExists.c
Linking C executable cmTC_a916f
/usr/bin/cmake -E cmake_link_script CMakeFiles/cmTC_a916f.dir/link.txt --verbose=1
/usr/bin/cc      -rdynamic CMakeFiles/cmTC_a916f.dir/CheckSymbolExists.c.o  -o cmTC_a916f 
CMakeFiles/cmTC_a916f.dir/CheckSymbolExists.c.o: En la función `main':
CheckSymbolExists.c:(.text+0x1b): referencia a `pthread_create' sin definir
collect2: error: ld returned 1 exit status
CMakeFiles/cmTC_a916f.dir/build.make:97: recipe for target 'cmTC_a916f' failed
make[1]: *** [cmTC_a916f] Error 1
make[1]: se sale del directorio '/home/ivan/Documentos/ITAM/Project3/ar-pp3-sc/build/CMakeFiles/CMakeTmp'
Makefile:126: recipe for target 'cmTC_a916f/fast' failed
make: *** [cmTC_a916f/fast] Error 2

File /home/ivan/Documentos/ITAM/Project3/ar-pp3-sc/build/CMakeFiles/CMakeTmp/CheckSymbolExists.c:
/* */
#include <pthread.h>

int main(int argc, char** argv)
{
  (void)argv;
#ifndef pthread_create
  return ((int*)(&pthread_create))[argc];
#else
  (void)argc;
  return 0;
#endif
}

Determining if the function pthread_create exists in the pthreads failed with the following output:
Change Dir: /home/ivan/Documentos/ITAM/Project3/ar-pp3-sc/build/CMakeFiles/CMakeTmp

Run Build Command:"/usr/bin/make" "cmTC_ca79f/fast"
/usr/bin/make -f CMakeFiles/cmTC_ca79f.dir/build.make CMakeFiles/cmTC_ca79f.dir/build
make[1]: se entra en el directorio '/home/ivan/Documentos/ITAM/Project3/ar-pp3-sc/build/CMakeFiles/CMakeTmp'
Building C object CMakeFiles/cmTC_ca79f.dir/CheckFunctionExists.c.o
/usr/bin/cc   -DCHECK_FUNCTION_EXISTS=pthread_create   -o CMakeFiles/cmTC_ca79f.dir/CheckFunctionExists.c.o   -c /usr/share/cmake-3.10/Modules/CheckFunctionExists.c
Linking C executable cmTC_ca79f
/usr/bin/cmake -E cmake_link_script CMakeFiles/cmTC_ca79f.dir/link.txt --verbose=1
/usr/bin/cc  -DCHECK_FUNCTION_EXISTS=pthread_create    -rdynamic CMakeFiles/cmTC_ca79f.dir/CheckFunctionExists.c.o  -o cmTC_ca79f -lpthreads 
/usr/bin/ld: no se puede encontrar -lpthreads
collect2: error: ld returned 1 exit status
CMakeFiles/cmTC_ca79f.dir/build.make:97: recipe for target 'cmTC_ca79f' failed
make[1]: *** [cmTC_ca79f] Error 1
make[1]: se sale del directorio '/home/ivan/Documentos/ITAM/Project3/ar-pp3-sc/build/CMakeFiles/CMakeTmp'
Makefile:126: recipe for target 'cmTC_ca79f/fast' failed
make: *** [cmTC_ca79f/fast] Error 2


